
> portfolio@0.0.0 devstart E:\projects\portfolio
> nodemon ./bin/www

[33m[nodemon] 1.11.0[39m
[33m[nodemon] to restart at any time, enter `rs`[39m
[33m[nodemon] watching: *.*[39m
[32m[nodemon] starting `node ./bin/www`[39m
connected to mongoose
[0mGET /addVue [33m404 [0m74.400 ms - 4145[0m
[0mGET /assets/global/plugins/font-awesome/css/font-awesome.min.css [32m200 [0m32.855 ms - 26711[0m
[0mGET /assets/global/plugins/simple-line-icons/simple-line-icons.min.css [32m200 [0m35.911 ms - 9562[0m
[0mGET /assets/global/plugins/bootstrap-switch/css/bootstrap-switch.min.css [32m200 [0m36.198 ms - 6457[0m
[0mGET /css/app.css [32m200 [0m30.140 ms - 165465[0m
[0mGET /assets/global/plugins/bootstrap/css/bootstrap.min.css [32m200 [0m36.183 ms - 117974[0m
[0mGET /assets/global/css/plugins.min.css [32m200 [0m3.992 ms - 40402[0m
[0mGET /assets/global/css/components.min.css [32m200 [0m36.273 ms - 582936[0m
[0mGET /assets/layouts/layout/css/themes/darkblue.min.css [32m200 [0m3.660 ms - 32447[0m
[0mGET /stylesheets/style.css [32m200 [0m4.057 ms - 111[0m
[0mGET /assets/layouts/layout/css/layout.min.css [32m200 [0m3.633 ms - 72281[0m
[0mGET /assets/global/plugins/jquery.min.js [32m200 [0m1.677 ms - 97406[0m
[0mGET /assets/global/plugins/js.cookie.min.js [32m200 [0m12.415 ms - 1738[0m
[0mGET /assets/global/plugins/bootstrap-hover-dropdown/bootstrap-hover-dropdown.min.js [32m200 [0m12.083 ms - 1539[0m
[0mGET /assets/global/plugins/jquery-slimscroll/jquery.slimscroll.min.js [32m200 [0m12.486 ms - 5175[0m
[0mGET /assets/global/plugins/bootstrap/js/bootstrap.min.js [32m200 [0m12.476 ms - 36868[0m
[0mGET /assets/global/plugins/jquery.blockui.min.js [32m200 [0m3.013 ms - 9569[0m
[0mGET /assets/global/plugins/bootstrap-switch/js/bootstrap-switch.min.js [32m200 [0m15.283 ms - 14903[0m
[0mGET /assets/global/scripts/app.min.js [32m200 [0m15.201 ms - 15586[0m
[0mGET /assets/layouts/layout/scripts/demo.min.js [32m200 [0m15.127 ms - 6345[0m
[0mGET /assets/layouts/global/scripts/quick-sidebar.min.js [32m200 [0m12.117 ms - 2867[0m
[0mGET /assets/layouts/layout/scripts/layout.min.js [32m200 [0m15.968 ms - 11018[0m
[0mGET /javascripts/main.js [32m200 [0m3.236 ms - 1312213[0m
[0mGET /assets/layouts/layout/img/avatar3_small.jpg [32m200 [0m9.559 ms - 1723[0m
[0mGET /assets/global/plugins/font-awesome/fonts/fontawesome-webfont.woff2?v=4.4.0 [32m200 [0m1.621 ms - 64464[0m
[0mGET /assets/layouts/layout/img/icon-color.png [32m200 [0m1.333 ms - 1240[0m
[0mGET /assets/layouts/layout/img/icon-color-close.png [32m200 [0m4.035 ms - 1031[0m
[0mGET /assets/global/plugins/simple-line-icons/fonts/Simple-Line-Icons.woff [32m200 [0m2.759 ms - 59324[0m
[0mPOST /cheats/addvueform [31m500 [0m27.484 ms - 4145[0m
[32m[nodemon] restarting due to changes...[39m
[32m[nodemon] restarting due to changes...[39m
[32m[nodemon] starting `node ./bin/www`[39m
connected to mongoose
[32m[nodemon] restarting due to changes...[39m
[32m[nodemon] starting `node ./bin/www`[39m
connected to mongoose
[0mGET /addVue [33m404 [0m82.585 ms - 4145[0m
[0mGET /assets/global/plugins/font-awesome/css/font-awesome.min.css [32m200 [0m29.329 ms - 26711[0m
[0mGET /assets/global/plugins/simple-line-icons/simple-line-icons.min.css [32m200 [0m33.100 ms - 9562[0m
[0mGET /assets/global/plugins/bootstrap-switch/css/bootstrap-switch.min.css [32m200 [0m33.019 ms - 6457[0m
[0mGET /css/app.css [32m200 [0m28.872 ms - 165465[0m
[0mGET /assets/global/plugins/bootstrap/css/bootstrap.min.css [32m200 [0m33.077 ms - 117974[0m
[0mGET /assets/global/css/plugins.min.css [32m200 [0m6.356 ms - 40402[0m
[0mGET /assets/global/css/components.min.css [32m200 [0m33.034 ms - 582936[0m
[0mGET /assets/layouts/layout/css/layout.min.css [32m200 [0m2.288 ms - 72281[0m
[0mGET /stylesheets/style.css [32m200 [0m2.378 ms - 111[0m
[0mGET /assets/layouts/layout/css/themes/darkblue.min.css [32m200 [0m2.913 ms - 32447[0m
[0mGET /assets/global/plugins/jquery.min.js [32m200 [0m2.585 ms - 97406[0m
[0mGET /assets/global/plugins/bootstrap/js/bootstrap.min.js [32m200 [0m6.645 ms - 36868[0m
[0mGET /assets/global/plugins/js.cookie.min.js [32m200 [0m10.796 ms - 1738[0m
[0mGET /assets/global/plugins/bootstrap-hover-dropdown/bootstrap-hover-dropdown.min.js [32m200 [0m11.800 ms - 1539[0m
[0mGET /assets/global/plugins/jquery-slimscroll/jquery.slimscroll.min.js [32m200 [0m12.211 ms - 5175[0m
[0mGET /assets/global/plugins/jquery.blockui.min.js [32m200 [0m10.288 ms - 9569[0m
[0mGET /assets/global/plugins/bootstrap-switch/js/bootstrap-switch.min.js [32m200 [0m4.921 ms - 14903[0m
[0mGET /assets/layouts/layout/scripts/layout.min.js [32m200 [0m3.177 ms - 11018[0m
[0mGET /assets/global/scripts/app.min.js [32m200 [0m4.798 ms - 15586[0m
[0mGET /assets/layouts/layout/scripts/demo.min.js [32m200 [0m4.156 ms - 6345[0m
[0mGET /assets/layouts/global/scripts/quick-sidebar.min.js [32m200 [0m5.754 ms - 2867[0m
[0mGET /javascripts/main.js [32m200 [0m5.579 ms - 1312211[0m
[0mGET /assets/layouts/layout/img/avatar3_small.jpg [32m200 [0m3.471 ms - 1723[0m
[0mGET /assets/layouts/layout/img/icon-color.png [32m200 [0m3.704 ms - 1240[0m
[0mGET /assets/layouts/layout/img/icon-color-close.png [32m200 [0m3.223 ms - 1031[0m
[0mGET /assets/global/plugins/font-awesome/fonts/fontawesome-webfont.woff2?v=4.4.0 [32m200 [0m3.740 ms - 64464[0m
[0mGET /assets/global/plugins/simple-line-icons/fonts/Simple-Line-Icons.woff [32m200 [0m5.783 ms - 59324[0m
[0mPOST /cheats/addvueform [31m500 [0m35.210 ms - 4145[0m
[32m[nodemon] restarting due to changes...[39m
[32m[nodemon] starting `node ./bin/www`[39m
connected to mongoose
